/Users/vanshgupta/tredence-analytics/.venv/lib/python3.13/site-packages/torchvision/datasets/cifar.py:83: VisibleDeprecationWarning: dtype(): align should be passed as Python or NumPy boolean but got `align=0`. Did you mean to pass a tuple to create a subarray type? (Deprecated NumPy 2.4)
  entry = pickle.load(f, encoding="latin1")

================================================================================
ENHANCED TRAINING EXPERIMENTS WITH EARLY STOPPING & HYPERPARAMETER TUNING
================================================================================


STEP 1: Running Hyperparameter Tuning...
--------------------------------------------------------------------------------

================================================================================
HYPERPARAMETER TUNING: 8 configurations
================================================================================


################################################################################
# Config 1/8: baseline_lambda_1e-05
################################################################################

======================================================================
Enhanced Training: λ=1e-05, dropout=0.0, batch_norm=False
Device: cpu | Max Epochs: 150 | Early Stopping Patience: 15
======================================================================
Epoch   1/150 | Train Loss: 10.0936 | Val Loss: 9.5778 | Val Acc: 43.70% | Test Acc: 44.22% | LR: 0.001000
Epoch   2/150 | Train Loss: 9.1533 | Val Loss: 8.8215 | Val Acc: 46.78% | Test Acc: 47.93% | LR: 0.001000
Epoch   3/150 | Train Loss: 8.4120 | Val Loss: 8.1679 | Val Acc: 50.82% | Test Acc: 51.04% | LR: 0.001000
Epoch   4/150 | Train Loss: 7.7666 | Val Loss: 7.6066 | Val Acc: 51.48% | Test Acc: 52.06% | LR: 0.001000
Epoch   5/150 | Train Loss: 7.2040 | Val Loss: 7.1351 | Val Acc: 53.28% | Test Acc: 53.01% | LR: 0.001000
Epoch   6/150 | Train Loss: 6.7063 | Val Loss: 6.7147 | Val Acc: 54.40% | Test Acc: 53.76% | LR: 0.001000
Epoch   7/150 | Train Loss: 6.2760 | Val Loss: 6.3592 | Val Acc: 55.60% | Test Acc: 54.43% | LR: 0.001000
Epoch   8/150 | Train Loss: 5.8915 | Val Loss: 6.0821 | Val Acc: 54.90% | Test Acc: 54.89% | LR: 0.001000
Epoch   9/150 | Train Loss: 5.5528 | Val Loss: 5.8267 | Val Acc: 55.40% | Test Acc: 54.79% | LR: 0.001000
Epoch  10/150 | Train Loss: 5.2537 | Val Loss: 5.6310 | Val Acc: 55.96% | Test Acc: 54.78% | LR: 0.001000
Epoch  11/150 | Train Loss: 4.9947 | Val Loss: 5.4392 | Val Acc: 56.00% | Test Acc: 54.74% | LR: 0.001000
Epoch  12/150 | Train Loss: 4.7544 | Val Loss: 5.3075 | Val Acc: 57.00% | Test Acc: 56.47% | LR: 0.001000
Epoch  13/150 | Train Loss: 4.5376 | Val Loss: 5.2107 | Val Acc: 55.88% | Test Acc: 55.42% | LR: 0.001000
Epoch  14/150 | Train Loss: 4.3454 | Val Loss: 5.1746 | Val Acc: 55.96% | Test Acc: 54.79% | LR: 0.001000
Epoch  15/150 | Train Loss: 4.1712 | Val Loss: 5.1200 | Val Acc: 56.02% | Test Acc: 55.33% | LR: 0.001000
Epoch  16/150 | Train Loss: 4.0072 | Val Loss: 5.0340 | Val Acc: 55.96% | Test Acc: 55.04% | LR: 0.001000
Epoch  17/150 | Train Loss: 3.8602 | Val Loss: 5.0535 | Val Acc: 54.94% | Test Acc: 54.88% | LR: 0.001000
Epoch  18/150 | Train Loss: 3.7275 | Val Loss: 5.0157 | Val Acc: 55.76% | Test Acc: 55.42% | LR: 0.001000
Epoch  19/150 | Train Loss: 3.6016 | Val Loss: 5.0174 | Val Acc: 55.56% | Test Acc: 54.35% | LR: 0.001000
Epoch  20/150 | Train Loss: 3.4944 | Val Loss: 5.0525 | Val Acc: 54.94% | Test Acc: 54.36% | LR: 0.001000
Epoch  21/150 | Train Loss: 3.3782 | Val Loss: 5.1301 | Val Acc: 54.24% | Test Acc: 53.69% | LR: 0.001000
Epoch  22/150 | Train Loss: 3.2872 | Val Loss: 5.1291 | Val Acc: 54.64% | Test Acc: 54.59% | LR: 0.000500
Epoch  23/150 | Train Loss: 3.1486 | Val Loss: 5.2216 | Val Acc: 55.24% | Test Acc: 55.30% | LR: 0.000500
Epoch  24/150 | Train Loss: 3.0856 | Val Loss: 5.2616 | Val Acc: 54.70% | Test Acc: 54.70% | LR: 0.000500
Epoch  25/150 | Train Loss: 3.0394 | Val Loss: 5.3194 | Val Acc: 55.12% | Test Acc: 55.04% | LR: 0.000500
Epoch  26/150 | Train Loss: 2.9957 | Val Loss: 5.3700 | Val Acc: 55.26% | Test Acc: 55.56% | LR: 0.000250
Epoch  27/150 | Train Loss: 2.9437 | Val Loss: 5.4364 | Val Acc: 54.96% | Test Acc: 55.44% | LR: 0.000250
Epoch  28/150 | Train Loss: 2.9181 | Val Loss: 5.4917 | Val Acc: 55.12% | Test Acc: 55.28% | LR: 0.000250
Epoch  29/150 | Train Loss: 2.8971 | Val Loss: 5.5402 | Val Acc: 55.12% | Test Acc: 55.29% | LR: 0.000250
Epoch  30/150 | Train Loss: 2.8755 | Val Loss: 5.5895 | Val Acc: 55.04% | Test Acc: 55.35% | LR: 0.000125
Epoch  31/150 | Train Loss: 2.8518 | Val Loss: 5.5903 | Val Acc: 54.98% | Test Acc: 55.14% | LR: 0.000125
Epoch  32/150 | Train Loss: 2.8398 | Val Loss: 5.6297 | Val Acc: 55.00% | Test Acc: 55.17% | LR: 0.000125
Epoch  33/150 | Train Loss: 2.8285 | Val Loss: 5.6549 | Val Acc: 55.02% | Test Acc: 55.28% | LR: 0.000125

Early stopping at epoch 33 (no improvement for 15 epochs)
Restored best weights from epoch 18

======================================================================
Training Complete | Best Val Accuracy: 57.00% (Epoch 12)
======================================================================


✓ Model saved: results/hyperparams/model_baseline_lambda_1e-05.pt
✓ History saved: results/hyperparams/history_baseline_lambda_1e-05.pt

  Best Val Acc: 57.00%
  Best Test Acc: 56.47%
  Epochs: 33
  Sparsity: 0.00%

################################################################################
# Config 2/8: baseline_lambda_1e-04
################################################################################

======================================================================
Enhanced Training: λ=0.0001, dropout=0.0, batch_norm=False
Device: cpu | Max Epochs: 150 | Early Stopping Patience: 15
======================================================================
Epoch   1/150 | Train Loss: 84.8803 | Val Loss: 80.9356 | Val Acc: 43.84% | Test Acc: 44.60% | LR: 0.001000
Epoch   2/150 | Train Loss: 77.1627 | Val Loss: 73.4792 | Val Acc: 47.02% | Test Acc: 48.48% | LR: 0.001000
Epoch   3/150 | Train Loss: 69.8734 | Val Loss: 66.4386 | Val Acc: 49.60% | Test Acc: 51.09% | LR: 0.001000
Epoch   4/150 | Train Loss: 63.0357 | Val Loss: 59.9001 | Val Acc: 52.00% | Test Acc: 52.71% | LR: 0.001000
Epoch   5/150 | Train Loss: 56.7291 | Val Loss: 53.9147 | Val Acc: 52.62% | Test Acc: 53.18% | LR: 0.001000
Epoch   6/150 | Train Loss: 50.9990 | Val Loss: 48.5439 | Val Acc: 52.80% | Test Acc: 53.02% | LR: 0.001000
Epoch   7/150 | Train Loss: 45.8594 | Val Loss: 43.7192 | Val Acc: 53.38% | Test Acc: 53.84% | LR: 0.001000
Epoch   8/150 | Train Loss: 41.2739 | Val Loss: 39.4558 | Val Acc: 54.46% | Test Acc: 55.04% | LR: 0.001000
Epoch   9/150 | Train Loss: 37.2261 | Val Loss: 35.7009 | Val Acc: 54.30% | Test Acc: 54.53% | LR: 0.001000
Epoch  10/150 | Train Loss: 33.6525 | Val Loss: 32.3975 | Val Acc: 54.90% | Test Acc: 54.47% | LR: 0.001000
Epoch  11/150 | Train Loss: 30.5116 | Val Loss: 29.5273 | Val Acc: 54.34% | Test Acc: 54.66% | LR: 0.001000
Epoch  12/150 | Train Loss: 27.7458 | Val Loss: 26.9711 | Val Acc: 54.70% | Test Acc: 55.18% | LR: 0.001000
